1559129709729	geckodriver	INFO	Listening on 127.0.0.1:51449
1559129710731	mozprofile::profile	INFO	Using profile path /var/folders/2j/v25mhqpn4lv8b23jxk6d58lc0000gn/T/rust_mozprofile.K8HBOVTjL0ow
1559129710735	geckodriver::marionette	INFO	Starting browser /Applications/Firefox.app/Contents/MacOS/firefox-bin
1559129710762	geckodriver::marionette	INFO	Connecting to Marionette on localhost:51456
1559129720053	addons.webextension.screenshots@mozilla.org	WARN	Loading extension 'screenshots@mozilla.org': Reading manifest: Invalid extension permission: mozillaAddons
1559129720053	addons.webextension.screenshots@mozilla.org	WARN	Loading extension 'screenshots@mozilla.org': Reading manifest: Invalid extension permission: resource://pdf.js/
1559129720054	addons.webextension.screenshots@mozilla.org	WARN	Loading extension 'screenshots@mozilla.org': Reading manifest: Invalid extension permission: about:reader*
1559129723872	Marionette	INFO	Listening on port 2828
JavaScript error: resource://gre/modules/UrlClassifierListManager.jsm, line 327: NS_ERROR_NOT_INITIALIZED: Component returned failure code: 0xc1f30001 (NS_ERROR_NOT_INITIALIZED) [nsIUrlClassifierDBService.getTables]
JavaScript error: resource://gre/modules/UrlClassifierListManager.jsm, line 327: NS_ERROR_NOT_INITIALIZED: Component returned failure code: 0xc1f30001 (NS_ERROR_NOT_INITIALIZED) [nsIUrlClassifierDBService.getTables]
1559129747769	Marionette	INFO	Stopped listening on port 2828
1559129753581	geckodriver	INFO	Listening on 127.0.0.1:52270
1559129753592	mozprofile::profile	INFO	Using profile path /var/folders/2j/v25mhqpn4lv8b23jxk6d58lc0000gn/T/rust_mozprofile.v4K9GZgsUjcf
1559129753594	geckodriver::marionette	INFO	Starting browser /Applications/Firefox.app/Contents/MacOS/firefox-bin
1559129753600	geckodriver::marionette	INFO	Connecting to Marionette on localhost:52275
1559129754834	addons.webextension.screenshots@mozilla.org	WARN	Loading extension 'screenshots@mozilla.org': Reading manifest: Invalid extension permission: mozillaAddons
1559129754834	addons.webextension.screenshots@mozilla.org	WARN	Loading extension 'screenshots@mozilla.org': Reading manifest: Invalid extension permission: resource://pdf.js/
1559129754834	addons.webextension.screenshots@mozilla.org	WARN	Loading extension 'screenshots@mozilla.org': Reading manifest: Invalid extension permission: about:reader*
1559129757881	Marionette	INFO	Listening on port 2828
console.error: BroadcastService: 
  receivedBroadcastMessage: handler for
  remote-settings/monitor_changes
  threw error:
  Message: Error: Polling for changes failed: http://%(server)s/dummy/blocklist//buckets/monitor/collections/changes/records?_expected=%221559124225988%22 is not a valid URL..
  Stack:
    remoteSettingsFunction/remoteSettings.pollChanges@resource://services-settings/remote-settings.js:203:13

1559129885771	geckodriver	INFO	Listening on 127.0.0.1:53588
1559129886780	mozprofile::profile	INFO	Using profile path /var/folders/2j/v25mhqpn4lv8b23jxk6d58lc0000gn/T/rust_mozprofile.vixLpYkf068D
1559129886783	geckodriver::marionette	INFO	Starting browser /Applications/Firefox.app/Contents/MacOS/firefox-bin
1559129886789	geckodriver::marionette	INFO	Connecting to Marionette on localhost:53597
1559129887563	addons.webextension.screenshots@mozilla.org	WARN	Loading extension 'screenshots@mozilla.org': Reading manifest: Invalid extension permission: mozillaAddons
1559129887564	addons.webextension.screenshots@mozilla.org	WARN	Loading extension 'screenshots@mozilla.org': Reading manifest: Invalid extension permission: resource://pdf.js/
1559129887564	addons.webextension.screenshots@mozilla.org	WARN	Loading extension 'screenshots@mozilla.org': Reading manifest: Invalid extension permission: about:reader*
1559129890637	Marionette	FATAL	Remote protocol server failed to start: Error: Could not bind to port 2828 (NS_ERROR_SOCKET_ADDRESS_IN_USE)(chrome://marionette/content/server.js:87:17) JS Stack trace: set acceptConnections@server.js:87:17
start@server.js:117:5
init/<@marionette.js:468:21
JavaScript error: resource://gre/modules/UrlClassifierListManager.jsm, line 327: NS_ERROR_NOT_INITIALIZED: Component returned failure code: 0xc1f30001 (NS_ERROR_NOT_INITIALIZED) [nsIUrlClassifierDBService.getTables]
JavaScript error: resource://gre/modules/UrlClassifierListManager.jsm, line 327: NS_ERROR_NOT_INITIALIZED: Component returned failure code: 0xc1f30001 (NS_ERROR_NOT_INITIALIZED) [nsIUrlClassifierDBService.getTables]
1559130101445	Marionette	INFO	Stopped listening on port 2828
1559130485382	geckodriver	INFO	Listening on 127.0.0.1:55303
1559130486387	mozprofile::profile	INFO	Using profile path /var/folders/2j/v25mhqpn4lv8b23jxk6d58lc0000gn/T/rust_mozprofile.42clETMsx4FI
1559130486392	geckodriver::marionette	INFO	Starting browser /Applications/Firefox.app/Contents/MacOS/firefox-bin
1559130486398	geckodriver::marionette	INFO	Connecting to Marionette on localhost:55312
1559130487150	addons.webextension.screenshots@mozilla.org	WARN	Loading extension 'screenshots@mozilla.org': Reading manifest: Invalid extension permission: mozillaAddons
1559130487151	addons.webextension.screenshots@mozilla.org	WARN	Loading extension 'screenshots@mozilla.org': Reading manifest: Invalid extension permission: resource://pdf.js/
1559130487151	addons.webextension.screenshots@mozilla.org	WARN	Loading extension 'screenshots@mozilla.org': Reading manifest: Invalid extension permission: about:reader*
1559130489695	Marionette	INFO	Listening on port 2828
JavaScript error: resource://gre/modules/UrlClassifierListManager.jsm, line 327: NS_ERROR_NOT_INITIALIZED: Component returned failure code: 0xc1f30001 (NS_ERROR_NOT_INITIALIZED) [nsIUrlClassifierDBService.getTables]
JavaScript error: resource://gre/modules/UrlClassifierListManager.jsm, line 327: NS_ERROR_NOT_INITIALIZED: Component returned failure code: 0xc1f30001 (NS_ERROR_NOT_INITIALIZED) [nsIUrlClassifierDBService.getTables]
1559131672008	Marionette	INFO	Stopped listening on port 2828
1570716265808	geckodriver	INFO	Listening on 127.0.0.1:53778
1570716266812	mozprofile::profile	INFO	Using profile path /var/folders/2j/v25mhqpn4lv8b23jxk6d58lc0000gn/T/rust_mozprofile.o9x8BvsiTxyN
1570716266818	geckodriver::marionette	INFO	Starting browser /Applications/Firefox.app/Contents/MacOS/firefox-bin
1570716267505	geckodriver::marionette	INFO	Connecting to Marionette on localhost:53789
1570716268540	addons.webextension.screenshots@mozilla.org	WARN	Loading extension 'screenshots@mozilla.org': Reading manifest: Invalid extension permission: mozillaAddons
1570716268540	addons.webextension.screenshots@mozilla.org	WARN	Loading extension 'screenshots@mozilla.org': Reading manifest: Invalid extension permission: resource://pdf.js/
1570716268540	addons.webextension.screenshots@mozilla.org	WARN	Loading extension 'screenshots@mozilla.org': Reading manifest: Invalid extension permission: about:reader*
1570716272131	Marionette	INFO	Listening on port 2828
[GFX1-]: Receive IPC close with reason=AbnormalShutdown
[Child 7383, Chrome_ChildThread] WARNING: pipe error: Broken pipe: file /builds/worker/workspace/build/src/ipc/chromium/src/chrome/common/ipc_channel_posix.cc, line 726
Exiting due to channel error.
[GFX1-]: Receive IPC close with reason=AbnormalShutdown
Exiting due to channel error.
1570716324673	geckodriver	INFO	Listening on 127.0.0.1:54919
1570716325693	mozprofile::profile	INFO	Using profile path /var/folders/2j/v25mhqpn4lv8b23jxk6d58lc0000gn/T/rust_mozprofile.gpLISv31QXuz
1570716325696	geckodriver::marionette	INFO	Starting browser /Applications/Firefox.app/Contents/MacOS/firefox-bin
1570716325700	geckodriver::marionette	INFO	Connecting to Marionette on localhost:54930
1570716326306	addons.webextension.screenshots@mozilla.org	WARN	Loading extension 'screenshots@mozilla.org': Reading manifest: Invalid extension permission: mozillaAddons
1570716326307	addons.webextension.screenshots@mozilla.org	WARN	Loading extension 'screenshots@mozilla.org': Reading manifest: Invalid extension permission: resource://pdf.js/
1570716326307	addons.webextension.screenshots@mozilla.org	WARN	Loading extension 'screenshots@mozilla.org': Reading manifest: Invalid extension permission: about:reader*
1570716328920	Marionette	INFO	Listening on port 2828
[GFX1-]: Receive IPC close with reason=AbnormalShutdown
Exiting due to channel error.
[GFX1-]: Receive IPC close with reason=AbnormalShutdown
Exiting due to channel error.
[Child 7427, Chrome_ChildThread] WARNING: pipe error: Broken pipe: file /builds/worker/workspace/build/src/ipc/chromium/src/chrome/common/ipc_channel_posix.cc, line 726
Exiting due to channel error.
1570716367431	geckodriver	INFO	Listening on 127.0.0.1:55760
1570716367444	mozprofile::profile	INFO	Using profile path /var/folders/2j/v25mhqpn4lv8b23jxk6d58lc0000gn/T/rust_mozprofile.yOhOoI6YSx4R
1570716367448	geckodriver::marionette	INFO	Starting browser /Applications/Firefox.app/Contents/MacOS/firefox-bin
1570716367452	geckodriver::marionette	INFO	Connecting to Marionette on localhost:55769
1570716368498	addons.webextension.screenshots@mozilla.org	WARN	Loading extension 'screenshots@mozilla.org': Reading manifest: Invalid extension permission: mozillaAddons
1570716368499	addons.webextension.screenshots@mozilla.org	WARN	Loading extension 'screenshots@mozilla.org': Reading manifest: Invalid extension permission: resource://pdf.js/
1570716368499	addons.webextension.screenshots@mozilla.org	WARN	Loading extension 'screenshots@mozilla.org': Reading manifest: Invalid extension permission: about:reader*
1570716371255	Marionette	INFO	Listening on port 2828
Exiting due to channel error.
Exiting due to channel error.
1570716390669	geckodriver	INFO	Listening on 127.0.0.1:56230
1570716390685	mozprofile::profile	INFO	Using profile path /var/folders/2j/v25mhqpn4lv8b23jxk6d58lc0000gn/T/rust_mozprofile.iLTtWinwRehK
1570716390688	geckodriver::marionette	INFO	Starting browser /Applications/Firefox.app/Contents/MacOS/firefox-bin
1570716390698	geckodriver::marionette	INFO	Connecting to Marionette on localhost:56241
*** You are running in headless mode.
1570716391665	addons.webextension.screenshots@mozilla.org	WARN	Loading extension 'screenshots@mozilla.org': Reading manifest: Invalid extension permission: mozillaAddons
1570716391666	addons.webextension.screenshots@mozilla.org	WARN	Loading extension 'screenshots@mozilla.org': Reading manifest: Invalid extension permission: resource://pdf.js/
1570716391666	addons.webextension.screenshots@mozilla.org	WARN	Loading extension 'screenshots@mozilla.org': Reading manifest: Invalid extension permission: about:reader*
1570716394814	Marionette	INFO	Listening on port 2828
[GFX1-]: Receive IPC close with reason=AbnormalShutdown
Exiting due to channel error.
Exiting due to channel error.
[GFX1-]: Receive IPC close with reason=AbnormalShutdown
Exiting due to channel error.
1570716395332	geckodriver	INFO	Listening on 127.0.0.1:56480
1570716395352	mozprofile::profile	INFO	Using profile path /var/folders/2j/v25mhqpn4lv8b23jxk6d58lc0000gn/T/rust_mozprofile.9mpkUSfJ8L11
1570716395358	geckodriver::marionette	INFO	Starting browser /Applications/Firefox.app/Contents/MacOS/firefox-bin
1570716395367	geckodriver::marionette	INFO	Connecting to Marionette on localhost:56489
*** You are running in headless mode.
1570716396240	addons.webextension.screenshots@mozilla.org	WARN	Loading extension 'screenshots@mozilla.org': Reading manifest: Invalid extension permission: mozillaAddons
1570716396241	addons.webextension.screenshots@mozilla.org	WARN	Loading extension 'screenshots@mozilla.org': Reading manifest: Invalid extension permission: resource://pdf.js/
1570716396241	addons.webextension.screenshots@mozilla.org	WARN	Loading extension 'screenshots@mozilla.org': Reading manifest: Invalid extension permission: about:reader*
1570716399323	Marionette	INFO	Listening on port 2828
Exiting due to channel error.
Exiting due to channel error.
Exiting due to channel error.
1570716424902	geckodriver	INFO	Listening on 127.0.0.1:57077
1570716425917	mozprofile::profile	INFO	Using profile path /var/folders/2j/v25mhqpn4lv8b23jxk6d58lc0000gn/T/rust_mozprofile.LjzhRnStxMM6
1570716425924	geckodriver::marionette	INFO	Starting browser /Applications/Firefox.app/Contents/MacOS/firefox-bin
1570716425928	geckodriver::marionette	INFO	Connecting to Marionette on localhost:57088
1570716426626	addons.webextension.screenshots@mozilla.org	WARN	Loading extension 'screenshots@mozilla.org': Reading manifest: Invalid extension permission: mozillaAddons
1570716426626	addons.webextension.screenshots@mozilla.org	WARN	Loading extension 'screenshots@mozilla.org': Reading manifest: Invalid extension permission: resource://pdf.js/
1570716426627	addons.webextension.screenshots@mozilla.org	WARN	Loading extension 'screenshots@mozilla.org': Reading manifest: Invalid extension permission: about:reader*
1570716429785	Marionette	INFO	Listening on port 2828
1570716733623	geckodriver	INFO	Listening on 127.0.0.1:58570
1570716733631	mozprofile::profile	INFO	Using profile path /var/folders/2j/v25mhqpn4lv8b23jxk6d58lc0000gn/T/rust_mozprofile.3KyTluerkn1Y
1570716733634	geckodriver::marionette	INFO	Starting browser /Applications/Firefox.app/Contents/MacOS/firefox-bin
1570716733638	geckodriver::marionette	INFO	Connecting to Marionette on localhost:58579
1570716734396	addons.webextension.screenshots@mozilla.org	WARN	Loading extension 'screenshots@mozilla.org': Reading manifest: Invalid extension permission: mozillaAddons
1570716734397	addons.webextension.screenshots@mozilla.org	WARN	Loading extension 'screenshots@mozilla.org': Reading manifest: Invalid extension permission: resource://pdf.js/
1570716734397	addons.webextension.screenshots@mozilla.org	WARN	Loading extension 'screenshots@mozilla.org': Reading manifest: Invalid extension permission: about:reader*
1570716736847	Marionette	FATAL	Remote protocol server failed to start: Error: Could not bind to port 2828 (NS_ERROR_SOCKET_ADDRESS_IN_USE)(chrome://marionette/content/server.js:87:17) JS Stack trace: set acceptConnections@server.js:87:17
start@server.js:117:5
init/<@marionette.js:468:21
[Parent 7557, Gecko_IOThread] WARNING: pipe error: Broken pipe: file /builds/worker/workspace/build/src/ipc/chromium/src/chrome/common/ipc_channel_posix.cc, line 726
JavaScript error: resource://gre/modules/UrlClassifierListManager.jsm, line 327: NS_ERROR_NOT_INITIALIZED: Component returned failure code: 0xc1f30001 (NS_ERROR_NOT_INITIALIZED) [nsIUrlClassifierDBService.getTables]
JavaScript error: resource://gre/modules/UrlClassifierListManager.jsm, line 327: NS_ERROR_NOT_INITIALIZED: Component returned failure code: 0xc1f30001 (NS_ERROR_NOT_INITIALIZED) [nsIUrlClassifierDBService.getTables]
1570716742802	Marionette	INFO	Stopped listening on port 2828
1570716748414	geckodriver	INFO	Listening on 127.0.0.1:58871
1570716748426	mozprofile::profile	INFO	Using profile path /var/folders/2j/v25mhqpn4lv8b23jxk6d58lc0000gn/T/rust_mozprofile.fGI6rgKRGjfx
1570716748436	geckodriver::marionette	INFO	Starting browser /Applications/Firefox.app/Contents/MacOS/firefox-bin
1570716748444	geckodriver::marionette	INFO	Connecting to Marionette on localhost:58880
1570716749091	addons.webextension.screenshots@mozilla.org	WARN	Loading extension 'screenshots@mozilla.org': Reading manifest: Invalid extension permission: mozillaAddons
1570716749092	addons.webextension.screenshots@mozilla.org	WARN	Loading extension 'screenshots@mozilla.org': Reading manifest: Invalid extension permission: resource://pdf.js/
1570716749092	addons.webextension.screenshots@mozilla.org	WARN	Loading extension 'screenshots@mozilla.org': Reading manifest: Invalid extension permission: about:reader*
1570716751480	Marionette	INFO	Listening on port 2828
JavaScript error: https://ss1.bdstatic.com/5eN1bjq8AAUYm2zgoY3K/r/www/cache/static/protocol/https/plugins/every_cookie_mac_82990d4.js, line 4: ReferenceError: c is not defined
JavaScript error: https://static-media-prod-cdn.itsre-sumo.mozilla.net/static/build/common-min.5594359fa3da.js, line 10: Error: Error retrieving geoip data
JavaScript error: resource://gre/modules/UrlClassifierListManager.jsm, line 327: NS_ERROR_NOT_INITIALIZED: Component returned failure code: 0xc1f30001 (NS_ERROR_NOT_INITIALIZED) [nsIUrlClassifierDBService.getTables]
JavaScript error: resource://gre/modules/UrlClassifierListManager.jsm, line 327: NS_ERROR_NOT_INITIALIZED: Component returned failure code: 0xc1f30001 (NS_ERROR_NOT_INITIALIZED) [nsIUrlClassifierDBService.getTables]
1570717218700	Marionette	INFO	Stopped listening on port 2828
